#0 building with "desktop-linux" instance using docker driver

#1 [internal] load build definition from Dockerfile
#1 transferring dockerfile: 2.33kB done
#1 DONE 0.0s

#2 [internal] load .dockerignore
#2 transferring context: 45B done
#2 DONE 0.0s

#3 [internal] load metadata for docker.io/library/node:18-alpine
#3 ...

#4 [auth] library/node:pull token for registry-1.docker.io
#4 DONE 0.0s

#3 [internal] load metadata for docker.io/library/node:18-alpine
#3 DONE 0.9s

#5 [build 1/7] FROM docker.io/library/node:18-alpine@sha256:8d6421d663b4c28fd3ebc498332f249011d118945588d0a35cb9bc4b8ca09d9e
#5 CACHED

#6 [runner 2/8] WORKDIR /app
#6 CACHED

#7 [runner 3/8] RUN addgroup --system --gid 1001 nodejs
#7 CACHED

#8 [runner 4/8] RUN adduser --system --uid 1001 nextjs
#8 CACHED

#9 [internal] load build context
#9 transferring context: 4.75MB 1.7s done
#9 DONE 1.7s

#10 [build 2/7] RUN apk update && apk add --no-cache libc6-compat
#10 0.276 fetch https://dl-cdn.alpinelinux.org/alpine/v3.21/main/x86_64/APKINDEX.tar.gz
#10 0.697 fetch https://dl-cdn.alpinelinux.org/alpine/v3.21/community/x86_64/APKINDEX.tar.gz
#10 1.713 v3.21.3-480-gb04256b6954 [https://dl-cdn.alpinelinux.org/alpine/v3.21/main]
#10 1.713 v3.21.3-484-g57503950765 [https://dl-cdn.alpinelinux.org/alpine/v3.21/community]
#10 1.713 OK: 25397 distinct packages available
#10 1.852 fetch https://dl-cdn.alpinelinux.org/alpine/v3.21/main/x86_64/APKINDEX.tar.gz
#10 2.190 fetch https://dl-cdn.alpinelinux.org/alpine/v3.21/community/x86_64/APKINDEX.tar.gz
#10 2.986 (1/3) Installing musl-obstack (1.2.3-r2)
#10 2.999 (2/3) Installing libucontext (1.3.2-r0)
#10 3.010 (3/3) Installing gcompat (1.1.0-r4)
#10 3.026 OK: 10 MiB in 20 packages
#10 DONE 3.1s

#11 [build 3/7] WORKDIR /app
#11 DONE 0.0s

#12 [build 4/7] COPY package.json yarn.lock ./
#12 DONE 0.0s

#13 [build 5/7] RUN yarn
#13 1.987 yarn install v1.22.22
#13 2.436 [1/4] Resolving packages...
#13 7.146 [2/4] Fetching packages...
