#0 building with "desktop-linux" instance using docker driver

#1 [internal] load build definition from Dockerfile
#1 transferring dockerfile: 2.31kB done
#1 DONE 0.0s

#2 [internal] load .dockerignore
#2 transferring context: 45B done
#2 DONE 0.0s

#3 [internal] load metadata for docker.io/library/node:18-alpine
#3 DONE 1.0s

#4 [build 1/7] FROM docker.io/library/node:18-alpine@sha256:8d6421d663b4c28fd3ebc498332f249011d118945588d0a35cb9bc4b8ca09d9e
#4 resolve docker.io/library/node:18-alpine@sha256:8d6421d663b4c28fd3ebc498332f249011d118945588d0a35cb9bc4b8ca09d9e done
#4 sha256:8d6421d663b4c28fd3ebc498332f249011d118945588d0a35cb9bc4b8ca09d9e 7.67kB / 7.67kB done
#4 sha256:929b04d7c782f04f615cf785488fed452b6569f87c73ff666ad553a7554f0006 1.72kB / 1.72kB done
#4 sha256:ee77c6cd7c1886ecc802ad6cedef3a8ec1ea27d1fb96162bf03dd3710839b8da 6.18kB / 6.18kB done
#4 sha256:f18232174bc91741fdf3da96d85011092101a032a93a388b79e99e69c2d5c870 1.05MB / 3.64MB 0.2s
#4 sha256:dd71dde834b5c203d162902e6b8994cb2309ae049a0eabc4efea161b2b5a3d0e 0B / 40.01MB 0.2s
#4 sha256:1e5a4c89cee5c0826c540ab06d4b6b491c96eda01837f430bd47f0d26702d6e3 0B / 1.26MB 0.2s
#4 sha256:f18232174bc91741fdf3da96d85011092101a032a93a388b79e99e69c2d5c870 3.64MB / 3.64MB 0.2s done
#4 sha256:1e5a4c89cee5c0826c540ab06d4b6b491c96eda01837f430bd47f0d26702d6e3 1.26MB / 1.26MB 0.3s done
#4 extracting sha256:f18232174bc91741fdf3da96d85011092101a032a93a388b79e99e69c2d5c870
#4 sha256:25ff2da83641908f65c3a74d80409d6b1b62ccfaab220b9ea70b80df5a2e0549 0B / 446B 0.3s
#4 extracting sha256:f18232174bc91741fdf3da96d85011092101a032a93a388b79e99e69c2d5c870 0.1s done
#4 sha256:dd71dde834b5c203d162902e6b8994cb2309ae049a0eabc4efea161b2b5a3d0e 7.34MB / 40.01MB 0.5s
#4 sha256:25ff2da83641908f65c3a74d80409d6b1b62ccfaab220b9ea70b80df5a2e0549 446B / 446B 0.4s done
#4 sha256:dd71dde834b5c203d162902e6b8994cb2309ae049a0eabc4efea161b2b5a3d0e 13.63MB / 40.01MB 0.6s
#4 sha256:dd71dde834b5c203d162902e6b8994cb2309ae049a0eabc4efea161b2b5a3d0e 20.97MB / 40.01MB 0.7s
#4 sha256:dd71dde834b5c203d162902e6b8994cb2309ae049a0eabc4efea161b2b5a3d0e 34.60MB / 40.01MB 0.9s
#4 sha256:dd71dde834b5c203d162902e6b8994cb2309ae049a0eabc4efea161b2b5a3d0e 40.01MB / 40.01MB 1.0s
#4 sha256:dd71dde834b5c203d162902e6b8994cb2309ae049a0eabc4efea161b2b5a3d0e 40.01MB / 40.01MB 1.0s done
#4 extracting sha256:dd71dde834b5c203d162902e6b8994cb2309ae049a0eabc4efea161b2b5a3d0e
#4 ...

#5 [internal] load build context
#5 transferring context: 4.75MB 1.6s done
#5 DONE 1.7s

#4 [build 1/7] FROM docker.io/library/node:18-alpine@sha256:8d6421d663b4c28fd3ebc498332f249011d118945588d0a35cb9bc4b8ca09d9e
#4 extracting sha256:dd71dde834b5c203d162902e6b8994cb2309ae049a0eabc4efea161b2b5a3d0e 1.1s done
#4 extracting sha256:1e5a4c89cee5c0826c540ab06d4b6b491c96eda01837f430bd47f0d26702d6e3 0.0s done
#4 extracting sha256:25ff2da83641908f65c3a74d80409d6b1b62ccfaab220b9ea70b80df5a2e0549 done
#4 DONE 2.3s

#6 [runner 2/8] WORKDIR /app
#6 DONE 0.1s

#7 [runner 3/8] RUN addgroup --system --gid 1001 nodejs
#7 DONE 0.2s

#8 [runner 4/8] RUN adduser --system --uid 1001 nextjs
#8 DONE 0.2s

#9 [build 2/7] RUN apk add --no-cache libc6-compat
#9 0.323 fetch https://dl-cdn.alpinelinux.org/alpine/v3.21/main/x86_64/APKINDEX.tar.gz
#9 5.346 WARNING: fetching https://dl-cdn.alpinelinux.org/alpine/v3.21/main: temporary error (try again later)
#9 5.347 fetch https://dl-cdn.alpinelinux.org/alpine/v3.21/community/x86_64/APKINDEX.tar.gz
#9 8.957 ERROR: unable to select packages:
#9 8.957   libc6-compat (no such package):
#9 8.957     required by: world[libc6-compat]
#9 ERROR: process "/bin/sh -c apk add --no-cache libc6-compat" did not complete successfully: exit code: 1
------
 > [build 2/7] RUN apk add --no-cache libc6-compat:
0.323 fetch https://dl-cdn.alpinelinux.org/alpine/v3.21/main/x86_64/APKINDEX.tar.gz
5.346 WARNING: fetching https://dl-cdn.alpinelinux.org/alpine/v3.21/main: temporary error (try again later)
5.347 fetch https://dl-cdn.alpinelinux.org/alpine/v3.21/community/x86_64/APKINDEX.tar.gz
8.957 ERROR: unable to select packages:
8.957   libc6-compat (no such package):
8.957     required by: world[libc6-compat]
------
Dockerfile:4
--------------------
   2 |     FROM node:18-alpine AS build
   3 |     # Check https://github.com/nodejs/docker-node/tree/b4117f9333da4138b03a546ec926ef50a31506c3#nodealpine to understand why libc6-compat might be needed.
   4 | >>> RUN apk add --no-cache libc6-compat
   5 |     WORKDIR /app
   6 |     
--------------------
ERROR: failed to solve: process "/bin/sh -c apk add --no-cache libc6-compat" did not complete successfully: exit code: 1
